INFO:xxx:[addurl]: hello http://localhost:1111
INFO:xxx:[addurl]: hello http://localhost:2222
INFO:xxx:[addurl]: hello http://localhost:3333
INFO:xxx:[addurl]: hello http://localhost:4444
INFO:xxx:[inform]: status True
INFO:xxx:[_online]
INFO:xxx:[inform]: knows set(['http://localhost:4444', 'http://localhost:1111', 'http://localhost:3333', 'http://localhost:2222'])
INFO:xxx:[inform]: status False
INFO:xxx:[_offline]
INFO:xxx:[inform]: knows set(['http://localhost:4444', 'http://localhost:1111', 'http://localhost:3333', 'http://localhost:2222'])
INFO:root:[addurl]: hello http://localhost:1111
INFO:root:[addurl]: hello http://localhost:2222
INFO:root:[addurl]: hello http://localhost:3333
INFO:root:[addurl]: hello http://localhost:4444
INFO:root:[inform]: status True
INFO:root:[_online]
INFO:root:[inform]: knows set(['http://localhost:4444', 'http://localhost:1111', 'http://localhost:3333', 'http://localhost:2222'])
INFO:root:[inform]: status False
INFO:root:[_offline]
INFO:root:[inform]: knows set(['http://localhost:4444', 'http://localhost:1111', 'http://localhost:3333', 'http://localhost:2222'])
INFO:xxx:[addurl]: hello http://localhost:1111
INFO:xxx:[addurl]: hello http://localhost:2222
INFO:xxx:[addurl]: hello http://localhost:3333
INFO:xxx:[addurl]: hello http://localhost:4444
INFO:xxx:[inform]: status True
INFO:xxx:[_online]
INFO:xxx:[inform]: knows set(['http://localhost:4444', 'http://localhost:1111', 'http://localhost:3333', 'http://localhost:2222'])
INFO:xxx:[inform]: status False
INFO:xxx:[_offline]
INFO:xxx:[inform]: knows set(['http://localhost:4444', 'http://localhost:1111', 'http://localhost:3333', 'http://localhost:2222'])
INFO:xxx:[addurl]: hello http://localhost:1111
INFO:xxx:[addurl]: hello http://localhost:2222
INFO:xxx:[addurl]: hello http://localhost:3333
INFO:xxx:[addurl]: hello http://localhost:4444
INFO:xxx:[inform]: status True
INFO:xxx:[_online]
INFO:xxx:[inform]: knows set(['http://localhost:4444', 'http://localhost:1111', 'http://localhost:3333', 'http://localhost:2222'])
INFO:xxx:[addurl]: hello http://localhost:1111
INFO:xxx:[addurl]: hello http://localhost:2222
INFO:xxx:[addurl]: hello http://localhost:3333
INFO:xxx:[addurl]: hello http://localhost:4444
INFO:xxx:[inform]: status True
INFO:xxx:[_online]
INFO:xxx:[addurl]: hello http://localhost:2222
INFO:xxx:[inform]: knows set(['http://localhost:4444', 'http://localhost:1111', 'http://localhost:3333', 'http://localhost:2222'])
INFO:xxx:------------------------------------------------------------
INFO:xxx:[fetch]: fetching from http://localhost:2222
INFO:xxx:----------------------------------------
INFO:xxx:[query]: querying from http://localhost:2222
INFO:xxx:--------------------
INFO:xxx:[handle]: begin
INFO:xxx:folder2/3.txt
INFO:xxx:[handle]: not file
INFO:xxx:[query]: query for 3.txt NOT in ['http://localhost:2222']
INFO:xxx:----------
INFO:xxx:[broadcast]:
INFO:xxx:knows: set(['http://localhost:4444', 'http://localhost:1111', 'http://localhost:3333', 'http://localhost:2222'])
INFO:xxx:history: ['http://localhost:2222']
INFO:xxx:[broadcast]: other is http://localhost:1111
INFO:xxx:[broadcast]: Connecting from http://localhost:2222 to http://localhost:1111
INFO:xxx:********************************************************************************
INFO:xxx:----------------------------------------
INFO:xxx:[query]: querying from http://localhost:1111
INFO:xxx:--------------------
INFO:xxx:[handle]: begin
INFO:xxx:folder1/3.txt
INFO:xxx:[handle]: not file
INFO:xxx:[query]: query for 3.txt NOT in ['http://localhost:2222', 'http://localhost:1111']
INFO:xxx:----------
INFO:xxx:[broadcast]:
INFO:xxx:knows: set(['http://localhost:4444', 'http://localhost:1111', 'http://localhost:3333', 'http://localhost:2222'])
INFO:xxx:history: ['http://localhost:2222', 'http://localhost:1111']
INFO:xxx:[broadcast]: other is http://localhost:1111
INFO:xxx:[broadcast]: other is http://localhost:2222
INFO:xxx:[broadcast]: other is http://localhost:3333
INFO:xxx:[broadcast]: Connecting from http://localhost:1111 to http://localhost:3333
INFO:xxx:********************************************************************************
INFO:xxx:[broadcast]:except socket error
INFO:xxx:[Errno 111] Connection refused
INFO:xxx:[broadcast]: CAN NOT connect from http://localhost:1111 to http://localhost:3333
INFO:xxx:[broadcast]: <knows>: set(['http://localhost:4444', 'http://localhost:1111', 'http://localhost:2222'])
INFO:xxx:[broadcast]: <history>: ['http://localhost:2222', 'http://localhost:1111']
INFO:xxx:[broadcast]: other is http://localhost:4444
INFO:xxx:[broadcast]: Connecting from http://localhost:1111 to http://localhost:4444
INFO:xxx:********************************************************************************
INFO:xxx:[broadcast]:except socket error
INFO:xxx:[Errno 111] Connection refused
INFO:xxx:[broadcast]: CAN NOT connect from http://localhost:1111 to http://localhost:4444
INFO:xxx:[broadcast]: <knows>: set(['http://localhost:1111', 'http://localhost:2222'])
INFO:xxx:[broadcast]: <history>: ['http://localhost:2222', 'http://localhost:1111']
INFO:xxx:[broadcast] not found
INFO:xxx:[query]: [after broadcast]: -1
INFO:xxx:[query]: knows: set(['http://localhost:1111', 'http://localhost:2222'])
INFO:xxx:[broadcast]: query return code -1
INFO:xxx:[broadcast]: query NOT_EXIST!!!
INFO:xxx:[broadcast]: other is http://localhost:2222
INFO:xxx:[broadcast]: other is http://localhost:3333
INFO:xxx:[broadcast]: Connecting from http://localhost:2222 to http://localhost:3333
INFO:xxx:********************************************************************************
INFO:xxx:[broadcast]:except socket error
INFO:xxx:[Errno 111] Connection refused
INFO:xxx:[broadcast]: CAN NOT connect from http://localhost:2222 to http://localhost:3333
INFO:xxx:[broadcast]: <knows>: set(['http://localhost:4444', 'http://localhost:1111', 'http://localhost:2222'])
INFO:xxx:[broadcast]: <history>: ['http://localhost:2222']
INFO:xxx:[broadcast]: other is http://localhost:4444
INFO:xxx:[broadcast]: Connecting from http://localhost:2222 to http://localhost:4444
INFO:xxx:********************************************************************************
INFO:xxx:[broadcast]:except socket error
INFO:xxx:[Errno 111] Connection refused
INFO:xxx:[broadcast]: CAN NOT connect from http://localhost:2222 to http://localhost:4444
INFO:xxx:[broadcast]: <knows>: set(['http://localhost:1111', 'http://localhost:2222'])
INFO:xxx:[broadcast]: <history>: ['http://localhost:2222']
INFO:xxx:[broadcast] not found
INFO:xxx:[query]: [after broadcast]: -1
INFO:xxx:[query]: knows: set(['http://localhost:1111', 'http://localhost:2222'])
INFO:xxx:[fetch]: query return code -1
INFO:xxx:[fetch]: knows: set(['http://localhost:1111', 'http://localhost:2222'])
INFO:xxx:------------------------------------------------------------
INFO:xxx:[fetch]: fetching from http://localhost:2222
INFO:xxx:----------------------------------------
INFO:xxx:[query]: querying from http://localhost:2222
INFO:xxx:--------------------
INFO:xxx:[handle]: begin
INFO:xxx:folder2/3.txt
INFO:xxx:[handle]: not file
INFO:xxx:[query]: query for 3.txt NOT in ['http://localhost:2222']
INFO:xxx:----------
INFO:xxx:[broadcast]:
INFO:xxx:knows: set(['http://localhost:1111', 'http://localhost:2222'])
INFO:xxx:history: ['http://localhost:2222']
INFO:xxx:[broadcast]: other is http://localhost:1111
INFO:xxx:[broadcast]: Connecting from http://localhost:2222 to http://localhost:1111
INFO:xxx:********************************************************************************
INFO:xxx:----------------------------------------
INFO:xxx:[query]: querying from http://localhost:1111
INFO:xxx:--------------------
INFO:xxx:[handle]: begin
INFO:xxx:folder1/3.txt
INFO:xxx:[handle]: not file
INFO:xxx:[query]: query for 3.txt NOT in ['http://localhost:2222', 'http://localhost:1111']
INFO:xxx:----------
INFO:xxx:[broadcast]:
INFO:xxx:knows: set(['http://localhost:1111', 'http://localhost:2222'])
INFO:xxx:history: ['http://localhost:2222', 'http://localhost:1111']
INFO:xxx:[broadcast]: other is http://localhost:1111
INFO:xxx:[broadcast]: other is http://localhost:2222
INFO:xxx:[broadcast] not found
INFO:xxx:[query]: [after broadcast]: -1
INFO:xxx:[query]: knows: set(['http://localhost:1111', 'http://localhost:2222'])
INFO:xxx:[broadcast]: query return code -1
INFO:xxx:[broadcast]: query NOT_EXIST!!!
INFO:xxx:[broadcast]: other is http://localhost:2222
INFO:xxx:[broadcast] not found
INFO:xxx:[query]: [after broadcast]: -1
INFO:xxx:[query]: knows: set(['http://localhost:1111', 'http://localhost:2222'])
INFO:xxx:[fetch]: query return code -1
INFO:xxx:[fetch]: knows: set(['http://localhost:1111', 'http://localhost:2222'])
INFO:xxx:------------------------------------------------------------
INFO:xxx:[fetch]: fetching from http://localhost:2222
INFO:xxx:----------------------------------------
INFO:xxx:[query]: querying from http://localhost:2222
INFO:xxx:--------------------
INFO:xxx:[handle]: begin
INFO:xxx:folder2/2.txt
INFO:xxx:[handle]: success
INFO:xxx:[query]: success
INFO:xxx:[fetch]: query return code 1
INFO:xxx:[fetch]: knows: set(['http://localhost:1111', 'http://localhost:2222'])
INFO:xxx:------------------------------------------------------------
INFO:xxx:[fetch]: fetching from http://localhost:2222
INFO:xxx:----------------------------------------
INFO:xxx:[query]: querying from http://localhost:2222
INFO:xxx:--------------------
INFO:xxx:[handle]: begin
INFO:xxx:folder2/1.txt
INFO:xxx:[handle]: success
INFO:xxx:[query]: success
INFO:xxx:[fetch]: query return code 1
INFO:xxx:[fetch]: knows: set(['http://localhost:1111', 'http://localhost:2222'])
INFO:xxx:[inform]: status False
INFO:xxx:[_offline]
INFO:xxx:[removeurl]: byebye http://localhost:2222
INFO:xxx:[inform]: knows set(['http://localhost:1111', 'http://localhost:2222'])
INFO:xxx:------------------------------------------------------------
INFO:xxx:[fetch]: fetching from http://localhost:1111
INFO:xxx:----------------------------------------
INFO:xxx:[query]: querying from http://localhost:1111
INFO:xxx:--------------------
INFO:xxx:[handle]: begin
INFO:xxx:folder1/2.txt
INFO:xxx:[handle]: success
INFO:xxx:[query]: success
INFO:xxx:[fetch]: query return code 1
INFO:xxx:[fetch]: knows: set(['http://localhost:1111'])
INFO:xxx:------------------------------------------------------------
INFO:xxx:[fetch]: fetching from http://localhost:1111
INFO:xxx:----------------------------------------
INFO:xxx:[query]: querying from http://localhost:1111
INFO:xxx:--------------------
INFO:xxx:[handle]: begin
INFO:xxx:folder1/1.txt
INFO:xxx:[handle]: success
INFO:xxx:[query]: success
INFO:xxx:[fetch]: query return code 1
INFO:xxx:[fetch]: knows: set(['http://localhost:1111'])
INFO:xxx:[inform]: status False
INFO:xxx:[_offline]
INFO:xxx:[inform]: knows set(['http://localhost:1111'])
INFO:xxx:[addurl]: hello http://localhost:1111
INFO:xxx:[addurl]: hello http://localhost:2222
INFO:xxx:[addurl]: hello http://localhost:3333
INFO:xxx:[addurl]: hello http://localhost:4444
INFO:xxx:[inform]: status True
INFO:xxx:[_online]
INFO:xxx:[inform]: knows set(['http://localhost:4444', 'http://localhost:1111', 'http://localhost:3333', 'http://localhost:2222'])
INFO:xxx:------------------------------------------------------------
INFO:xxx:[fetch]: fetching from http://localhost:1111
INFO:xxx:----------------------------------------
INFO:xxx:[query]: querying from http://localhost:1111
INFO:xxx:--------------------
INFO:xxx:[handle]: begin
INFO:xxx:folder1/2.txt
INFO:xxx:[handle]: success
INFO:xxx:[query]: success
INFO:xxx:[fetch]: query return code 1
INFO:xxx:[fetch]: knows: set(['http://localhost:4444', 'http://localhost:1111', 'http://localhost:3333', 'http://localhost:2222'])
INFO:xxx:[inform]: status False
INFO:xxx:[_offline]
INFO:xxx:[inform]: knows set(['http://localhost:4444', 'http://localhost:1111', 'http://localhost:3333', 'http://localhost:2222'])
